2025-12-17 17:55:53,873 - INFO - Intercept: 88.78356299197418
2025-12-17 17:55:53,873 - INFO - Coefficients: [ 8.72249414  1.03110946 -0.37897118 36.85173422 32.62589185 -9.86171207
  0.62820952]
2025-12-17 17:55:53,878 - INFO -        ytrain       ypred
5943     99.0  113.322435
9859     29.0   25.945417
11263     8.0   -9.971748
3491     69.0   95.423638
8109     73.0  100.426042
5303     11.0   13.693558
5330     74.0   97.466854
7788     52.0   52.844937
4261    130.0  110.855686
14388   104.0  124.091605
2025-12-17 17:55:53,878 - INFO - Index(['Age', 'Height', 'Weight', 'Duration', 'Heart_Rate', 'Body_Temp',
       'Gender_male'],
      dtype='object')
2025-12-17 17:55:53,879 - INFO - Linear Regression r2_score: 0.8735239041091345
2025-12-17 17:55:53,881 - INFO - Linear Regression loss: 488.9355257872439
2025-12-17 17:55:53,882 - INFO - Linear Regression r2_score: 0.8772036270326257
2025-12-17 17:55:53,883 - INFO - Linear Regression loss: 495.5805554691748
2025-12-17 17:55:53,887 - INFO -  Prediction was: [-3305.20868193]
