2025-12-17 17:55:53,831 - INFO - 
            Age    Height    Weight  Duration  Heart_Rate  Body_Temp
9839   3.637586  5.192957  4.356709  2.079442    4.406719   3.701302
9680   3.178054  5.278115  4.477337  3.295837    4.709530   3.725693
7093   3.526361  5.204007  4.356709  2.564949    4.488636   3.716008
11293  4.204693  5.056246  4.007333  2.302585    4.356709   3.701302
820    3.496508  4.976734  3.912023  1.791759    4.510860   3.688879
...         ...       ...       ...       ...         ...        ...
5191   4.330733  5.003946  3.951244  3.135494    4.653960   3.728100
13418  3.091042  5.153292  4.219508  3.044522    4.653960   3.730501
5390   4.060443  5.247024  4.532599  2.197225    4.510860   3.701302
860    3.583519  5.164786  4.343805  2.564949    4.584967   3.718438
7270   3.295837  5.209486  4.465908  2.833213    4.521789   3.725693

[12000 rows x 6 columns]
2025-12-17 17:55:53,835 - INFO - 
            Age    Height    Weight  Duration  Heart_Rate  Body_Temp
11499  3.828641  5.043425  3.970292  3.295837    4.682131   3.728100
6475   3.091042  5.236442  4.510860  3.401197    4.718499   3.725693
13167  4.077537  5.176150  4.356709  2.484907    4.510860   3.713572
862    3.583519  5.209486  4.499810  3.218876    4.691348   3.732896
5970   4.219508  5.147494  4.219508  3.401197    4.753676   3.740048
...         ...       ...       ...       ...         ...        ...
6216   4.127134  5.117994  4.204693  3.367296    4.672829   3.737670
3585   4.304065  5.111988  4.204693  2.397895    4.532599   3.713572
10023  3.663562  5.135798  4.204693  3.044522    4.653960   3.718438
14044  3.258097  5.099866  4.007333  1.791759    4.465908   3.693867
12965  3.295837  5.204007  4.442651  3.401197    4.753676   3.742420

[3000 rows x 6 columns]
2025-12-17 17:55:53,835 - INFO - 
Index(['Age', 'Height', 'Weight', 'Duration', 'Heart_Rate', 'Body_Temp'], dtype='object')
2025-12-17 17:55:53,838 - INFO - 
[[-0.16324506  0.36107213  0.23637788 -0.82699092 -1.59562609 -0.667411  ]
 [-1.33483197  1.41872466  0.84527692  1.01407586  1.46961812  0.61815421]
 [-0.44681705  0.49831013  0.23637788 -0.0921539  -0.76640911  0.10768474]
 ...
 [ 0.91483697  1.03258229  1.1242287  -0.64872122 -0.54145245 -0.667411  ]
 [-0.30109053  0.01119231  0.17124481 -0.0921539   0.20871537  0.23576636]
 [-1.03454175  0.56636462  0.7875878   0.31387521 -0.43082148  0.61815421]]
2025-12-17 17:55:53,838 - INFO - 
[[ 0.3238541  -1.49609892 -1.71415525  1.01407586  1.19226836  0.74500279]
 [-1.55666922  0.90115342  1.01449084  1.17354355  1.56040468  0.61815421]
 [ 0.95841957  0.1523292   0.23637788 -0.21330199 -0.54145245 -0.02070889]
 ...
 [-0.09702004 -0.34883036 -0.53096081  0.63370064  0.9071049   0.23576636]
 [-1.13076148 -0.79510278 -1.52718044 -1.26241015 -0.99647886 -1.05927571]
 [-1.03454175  0.49831013  0.67019315  1.17354355  1.91649014  1.49974925]]
2025-12-17 17:55:53,842 - INFO - 
            Age    Height    Weight  Duration  Heart_Rate  Body_Temp
0     -0.163245  0.361072  0.236378 -0.826991   -1.595626  -0.667411
1     -1.334832  1.418725  0.845277  1.014076    1.469618   0.618154
2     -0.446817  0.498310  0.236378 -0.092154   -0.766409   0.107685
3      1.282604 -1.336867 -1.527180 -0.489254   -2.101863  -0.667411
4     -0.522928 -2.324400 -2.008282 -1.262410   -0.541452  -1.322147
...         ...       ...       ...       ...         ...        ...
11995  1.603948 -1.986422 -1.810306  0.771390    0.907105   0.745003
11996 -1.556669 -0.131567 -0.456178  0.633701    0.907105   0.871547
11997  0.914837  1.032582  1.124229 -0.648721   -0.541452  -0.667411
11998 -0.301091  0.011192  0.171245 -0.092154    0.208715   0.235766
11999 -1.034542  0.566365  0.787588  0.313875   -0.430821   0.618154

[12000 rows x 6 columns]
2025-12-17 17:55:53,847 - INFO - 
           Age    Height    Weight  Duration  Heart_Rate  Body_Temp
0     0.323854 -1.496099 -1.714155  1.014076    1.192268   0.745003
1    -1.556669  0.901153  1.014491  1.173544    1.560405   0.618154
2     0.958420  0.152329  0.236378 -0.213302   -0.541452  -0.020709
3    -0.301091  0.566365  0.958714  0.897592    1.285565   0.997788
4     1.320376 -0.203567 -0.456178  1.173544    1.916490   1.374706
...        ...       ...       ...       ...         ...        ...
2995  1.084868 -0.569962 -0.530961  1.122232    1.098104   1.249366
2996  1.535956 -0.644557 -0.530961 -0.344997   -0.321387  -0.020709
2997 -0.097020 -0.348830 -0.530961  0.633701    0.907105   0.235766
2998 -1.130761 -0.795103 -1.527180 -1.262410   -0.996479  -1.059276
2999 -1.034542  0.498310  0.670193  1.173544    1.916490   1.499749

[3000 rows x 6 columns]
