2025-12-17 17:55:46,371 - INFO - shape of df1:(15000, 2)
2025-12-17 17:55:46,371 - INFO - shape of df2:(15000, 8)
2025-12-17 17:55:46,371 - INFO - common columns :Index(['User_ID'], dtype='object')
2025-12-17 17:55:46,374 - INFO - Index(['User_ID', 'Gender', 'Age', 'Height', 'Weight', 'Duration',
       'Heart_Rate', 'Body_Temp', 'Calories'],
      dtype='object')
2025-12-17 17:55:46,374 - INFO - shape of df:(15000, 9)
2025-12-17 17:55:46,375 - INFO - User_ID       0
Gender        0
Age           0
Height        0
Weight        0
Duration      0
Heart_Rate    0
Body_Temp     0
Calories      0
dtype: int64
2025-12-17 17:55:46,375 - INFO - User_ID-->int64
2025-12-17 17:55:46,375 - INFO - Gender-->object
2025-12-17 17:55:46,375 - INFO - Age-->int64
2025-12-17 17:55:46,375 - INFO - Height-->float64
2025-12-17 17:55:46,375 - INFO - Weight-->float64
2025-12-17 17:55:46,375 - INFO - Duration-->float64
2025-12-17 17:55:46,375 - INFO - Heart_Rate-->float64
2025-12-17 17:55:46,375 - INFO - Body_Temp-->float64
2025-12-17 17:55:46,375 - INFO - Calories-->float64
2025-12-17 17:55:46,377 - INFO - shape of X:(15000, 7)
2025-12-17 17:55:46,377 - INFO - shape of y:(15000,)
2025-12-17 17:55:46,379 - INFO - shape of X_train:(12000, 7)
2025-12-17 17:55:46,380 - INFO - shape of X_test:(3000, 7)
2025-12-17 17:55:46,380 - INFO - shape of y_train:(12000,)
2025-12-17 17:55:46,380 - INFO - shape of y_test:(3000,)
2025-12-17 17:55:46,380 - INFO - columns of X_train:Index(['Gender', 'Age', 'Height', 'Weight', 'Duration', 'Heart_Rate',
       'Body_Temp'],
      dtype='object')
2025-12-17 17:55:46,380 - INFO - columns of X_test:Index(['Gender', 'Age', 'Height', 'Weight', 'Duration', 'Heart_Rate',
       'Body_Temp'],
      dtype='object')
2025-12-17 17:55:46,380 - INFO - columns of y_train:Calories
2025-12-17 17:55:46,380 - INFO - columns of y_test:Calories
2025-12-17 17:55:46,381 - INFO - There are no missing values in X_train and X_test
2025-12-17 17:55:46,381 - INFO - columns of X_train:Index(['Gender', 'Age', 'Height', 'Weight', 'Duration', 'Heart_Rate',
       'Body_Temp'],
      dtype='object')
2025-12-17 17:55:46,381 - INFO - columns of X_test:Index(['Gender', 'Age', 'Height', 'Weight', 'Duration', 'Heart_Rate',
       'Body_Temp'],
      dtype='object')
2025-12-17 17:55:46,382 - INFO - columns of X_train_num:Index(['Age', 'Height', 'Weight', 'Duration', 'Heart_Rate', 'Body_Temp'], dtype='object')
2025-12-17 17:55:46,382 - INFO - columns of X_train_cat:Index(['Gender'], dtype='object')
2025-12-17 17:55:46,382 - INFO - columns of X_test_num:Index(['Age', 'Height', 'Weight', 'Duration', 'Heart_Rate', 'Body_Temp'], dtype='object')
2025-12-17 17:55:46,382 - INFO - columns of X_test_cat:Index(['Gender'], dtype='object')
2025-12-17 17:55:46,382 - INFO - shape of X_train_num:(12000, 6)
2025-12-17 17:55:46,382 - INFO - shape of X_train_cat:(12000, 1)
2025-12-17 17:55:46,382 - INFO - shape of X_test_num:(3000, 6)
2025-12-17 17:55:46,382 - INFO - shape of X_test_cat:(3000, 1)
2025-12-17 17:55:53,808 - INFO - ===========================================================
2025-12-17 17:55:53,808 - INFO - columns of X_train_num:Index(['Age', 'Height', 'Weight', 'Duration', 'Heart_Rate', 'Body_Temp'], dtype='object')
2025-12-17 17:55:53,808 - INFO - columns of X_train_cat:Index(['Gender'], dtype='object')
2025-12-17 17:55:53,808 - INFO - columns of X_test_num:Index(['Age', 'Height', 'Weight', 'Duration', 'Heart_Rate', 'Body_Temp'], dtype='object')
2025-12-17 17:55:53,808 - INFO - columns of X_test_cat:Index(['Gender'], dtype='object')
2025-12-17 17:55:53,808 - INFO - shape of X_train_num:(12000, 6)
2025-12-17 17:55:53,808 - INFO - shape of X_train_cat:(12000, 1)
2025-12-17 17:55:53,808 - INFO - shape of X_test_num:(3000, 6)
2025-12-17 17:55:53,808 - INFO - shape of X_test_cat:(3000, 1)
2025-12-17 17:55:53,808 - INFO - Index(['Gender'], dtype='object')
2025-12-17 17:55:53,808 - INFO - Index(['Gender'], dtype='object')
2025-12-17 17:55:53,815 - INFO - Index(['Gender_male'], dtype='object')
2025-12-17 17:55:53,815 - INFO - Index(['Gender_male'], dtype='object')
2025-12-17 17:55:53,815 - INFO - (12000, 1)
2025-12-17 17:55:53,815 - INFO - (3000, 1)
2025-12-17 17:55:53,816 - INFO - Gender_male    0
dtype: int64
2025-12-17 17:55:53,816 - INFO - Gender_male    0
dtype: int64
2025-12-17 17:55:53,822 - INFO - 
Before :            Age    Height    Weight  Duration  Heart_Rate  Body_Temp
9839   3.637586  5.192957  4.356709  2.079442    4.406719   3.701302
9680   3.178054  5.278115  4.477337  3.295837    4.709530   3.725693
7093   3.526361  5.204007  4.356709  2.564949    4.488636   3.716008
11293  4.204693  5.056246  4.007333  2.302585    4.356709   3.701302
820    3.496508  4.976734  3.912023  1.791759    4.510860   3.688879
...         ...       ...       ...       ...         ...        ...
5191   4.330733  5.003946  3.951244  3.135494    4.653960   3.728100
13418  3.091042  5.153292  4.219508  3.044522    4.653960   3.730501
5390   4.060443  5.247024  4.532599  2.197225    4.510860   3.701302
860    3.583519  5.164786  4.343805  2.564949    4.584967   3.718438
7270   3.295837  5.209486  4.465908  2.833213    4.521789   3.725693

[12000 rows x 6 columns]
2025-12-17 17:55:53,827 - INFO - 
Before :            Age    Height    Weight  Duration  Heart_Rate  Body_Temp
11499  3.828641  5.043425  3.970292  3.295837    4.682131   3.728100
6475   3.091042  5.236442  4.510860  3.401197    4.718499   3.725693
13167  4.077537  5.176150  4.356709  2.484907    4.510860   3.713572
862    3.583519  5.209486  4.499810  3.218876    4.691348   3.732896
5970   4.219508  5.147494  4.219508  3.401197    4.753676   3.740048
...         ...       ...       ...       ...         ...        ...
6216   4.127134  5.117994  4.204693  3.367296    4.672829   3.737670
3585   4.304065  5.111988  4.204693  2.397895    4.532599   3.713572
10023  3.663562  5.135798  4.204693  3.044522    4.653960   3.718438
14044  3.258097  5.099866  4.007333  1.791759    4.465908   3.693867
12965  3.295837  5.204007  4.442651  3.401197    4.753676   3.742420

[3000 rows x 6 columns]
2025-12-17 17:55:53,852 - INFO - 
After :            Age    Height    Weight  Duration  Heart_Rate  Body_Temp
0     -0.163245  0.361072  0.236378 -0.826991   -1.595626  -0.667411
1     -1.334832  1.418725  0.845277  1.014076    1.469618   0.618154
2     -0.446817  0.498310  0.236378 -0.092154   -0.766409   0.107685
3      1.282604 -1.336867 -1.527180 -0.489254   -2.101863  -0.667411
4     -0.522928 -2.324400 -2.008282 -1.262410   -0.541452  -1.322147
...         ...       ...       ...       ...         ...        ...
11995  1.603948 -1.986422 -1.810306  0.771390    0.907105   0.745003
11996 -1.556669 -0.131567 -0.456178  0.633701    0.907105   0.871547
11997  0.914837  1.032582  1.124229 -0.648721   -0.541452  -0.667411
11998 -0.301091  0.011192  0.171245 -0.092154    0.208715   0.235766
11999 -1.034542  0.566365  0.787588  0.313875   -0.430821   0.618154

[12000 rows x 6 columns]
2025-12-17 17:55:53,856 - INFO - 
After :           Age    Height    Weight  Duration  Heart_Rate  Body_Temp
0     0.323854 -1.496099 -1.714155  1.014076    1.192268   0.745003
1    -1.556669  0.901153  1.014491  1.173544    1.560405   0.618154
2     0.958420  0.152329  0.236378 -0.213302   -0.541452  -0.020709
3    -0.301091  0.566365  0.958714  0.897592    1.285565   0.997788
4     1.320376 -0.203567 -0.456178  1.173544    1.916490   1.374706
...        ...       ...       ...       ...         ...        ...
2995  1.084868 -0.569962 -0.530961  1.122232    1.098104   1.249366
2996  1.535956 -0.644557 -0.530961 -0.344997   -0.321387  -0.020709
2997 -0.097020 -0.348830 -0.530961  0.633701    0.907105   0.235766
2998 -1.130761 -0.795103 -1.527180 -1.262410   -0.996479  -1.059276
2999 -1.034542  0.498310  0.670193  1.173544    1.916490   1.499749

[3000 rows x 6 columns]
2025-12-17 17:55:53,856 - INFO - ================================================
2025-12-17 17:55:53,857 - INFO - ================================================
2025-12-17 17:55:53,857 - INFO - (12000, 7)
2025-12-17 17:55:53,857 - INFO - (3000, 7)
2025-12-17 17:55:53,858 - INFO - Age            0
Height         0
Weight         0
Duration       0
Heart_Rate     0
Body_Temp      0
Gender_male    0
dtype: int64
2025-12-17 17:55:53,858 - INFO - Age            0
Height         0
Weight         0
Duration       0
Heart_Rate     0
Body_Temp      0
Gender_male    0
dtype: int64
2025-12-17 17:55:53,858 - INFO - ========================================================
2025-12-17 17:55:53,863 - INFO - 
            Age    Height    Weight  Duration  Heart_Rate  Body_Temp  Gender_male
0     -0.163245  0.361072  0.236378 -0.826991   -1.595626  -0.667411          1.0
1     -1.334832  1.418725  0.845277  1.014076    1.469618   0.618154          1.0
2     -0.446817  0.498310  0.236378 -0.092154   -0.766409   0.107685          1.0
3      1.282604 -1.336867 -1.527180 -0.489254   -2.101863  -0.667411          0.0
4     -0.522928 -2.324400 -2.008282 -1.262410   -0.541452  -1.322147          0.0
...         ...       ...       ...       ...         ...        ...          ...
11995  1.603948 -1.986422 -1.810306  0.771390    0.907105   0.745003          0.0
11996 -1.556669 -0.131567 -0.456178  0.633701    0.907105   0.871547          0.0
11997  0.914837  1.032582  1.124229 -0.648721   -0.541452  -0.667411          1.0
11998 -0.301091  0.011192  0.171245 -0.092154    0.208715   0.235766          1.0
11999 -1.034542  0.566365  0.787588  0.313875   -0.430821   0.618154          1.0

[12000 rows x 7 columns]
2025-12-17 17:55:53,869 - INFO - 
           Age    Height    Weight  Duration  Heart_Rate  Body_Temp  Gender_male
0     0.323854 -1.496099 -1.714155  1.014076    1.192268   0.745003          0.0
1    -1.556669  0.901153  1.014491  1.173544    1.560405   0.618154          1.0
2     0.958420  0.152329  0.236378 -0.213302   -0.541452  -0.020709          1.0
3    -0.301091  0.566365  0.958714  0.897592    1.285565   0.997788          1.0
4     1.320376 -0.203567 -0.456178  1.173544    1.916490   1.374706          0.0
...        ...       ...       ...       ...         ...        ...          ...
2995  1.084868 -0.569962 -0.530961  1.122232    1.098104   1.249366          0.0
2996  1.535956 -0.644557 -0.530961 -0.344997   -0.321387  -0.020709          0.0
2997 -0.097020 -0.348830 -0.530961  0.633701    0.907105   0.235766          0.0
2998 -1.130761 -0.795103 -1.527180 -1.262410   -0.996479  -1.059276          0.0
2999 -1.034542  0.498310  0.670193  1.173544    1.916490   1.499749          1.0

[3000 rows x 7 columns]
2025-12-17 17:55:53,869 - INFO - 
9839      17.0
9680     167.0
7093      40.0
11293     34.0
820       23.0
         ...  
5191     151.0
13418    114.0
5390      41.0
860       57.0
7270      59.0
Name: Calories, Length: 12000, dtype: float64
2025-12-17 17:55:53,870 - INFO - 
11499    173.0
6475     189.0
13167     53.0
862      161.0
5970     226.0
         ...  
6216     186.0
3585      53.0
10023    120.0
14044     20.0
12965    214.0
Name: Calories, Length: 3000, dtype: float64
2025-12-17 17:55:53,892 - INFO - 
        Age    Height    Weight  Duration  Heart_Rate  Body_Temp  Gender_male
0 -0.163245  0.361072  0.236378 -0.826991   -1.595626  -0.667411          1.0
1 -1.334832  1.418725  0.845277  1.014076    1.469618   0.618154          1.0
2 -0.446817  0.498310  0.236378 -0.092154   -0.766409   0.107685          1.0
3  1.282604 -1.336867 -1.527180 -0.489254   -2.101863  -0.667411          0.0
4 -0.522928 -2.324400 -2.008282 -1.262410   -0.541452  -1.322147          0.0
2025-12-17 17:55:53,892 - INFO - 
9839      17.0
9680     167.0
7093      40.0
11293     34.0
820       23.0
Name: Calories, dtype: float64
